
DBVERIFY: Release 9.2.0.8.0 - Production on Wed Feb 3 17:29:39 2010

Copyright (c) 1982, 2002, Oracle Corporation.  All rights reserved.


DBVERIFY - Verification starting : FILE = /mnt/oratest/oradata/docs_020210/contract16.dbf
Page 329391 is marked corrupt
***
Corrupt block relative dba: 0x070506af (file 28, block 329391)
Bad check value found during dbv: 
Data in bad block -
 type: 6 format: 2 rdba: 0x070506af
 last change scn: 0x012f.ad592f4f seq: 0x1 flg: 0x06
 consistency value in tail: 0x2f4f0601
 check value in block header: 0x4fa8, computed block checksum: 0x9458
 spare1: 0x0, spare2: 0x0, spare3: 0x0
***


DBVERIFY - Verification complete

Total Pages Examined         : 524288
Total Pages Processed (Data) : 74278
Total Pages Failing   (Data) : 0
Total Pages Processed (Index): 16611
Total Pages Failing   (Index): 0
Total Pages Processed (Other): 433036
Total Pages Processed (Seg)  : 0
Total Pages Failing   (Seg)  : 0
Total Pages Empty            : 362
Total Pages Marked Corrupt   : 1
Total Pages Influx           : 0
Highest block SCN            : 1335254040224 (310.3814178464)
