
DBVERIFY: Release 9.2.0.8.0 - Production on Wed Feb 3 17:29:39 2010

Copyright (c) 1982, 2002, Oracle Corporation.  All rights reserved.


DBVERIFY - Verification starting : FILE = /mnt/oratest/oradata/docs_020210/contract01.dbf
Page 111872 is marked corrupt
***
Corrupt block relative dba: 0x0141b500 (file 5, block 111872)
Bad check value found during dbv: 
Data in bad block -
 type: 27 format: 2 rdba: 0x0141b500
 last change scn: 0x0001.79163ddd seq: 0x2 flg: 0x04
 consistency value in tail: 0x3ddd1b02
 check value in block header: 0xb92c, computed block checksum: 0xc9e8
 spare1: 0x0, spare2: 0x0, spare3: 0x0
***


DBVERIFY - Verification complete

Total Pages Examined         : 524288
Total Pages Processed (Data) : 73992
Total Pages Failing   (Data) : 0
Total Pages Processed (Index): 29568
Total Pages Failing   (Index): 0
Total Pages Processed (Other): 419049
Total Pages Processed (Seg)  : 0
Total Pages Failing   (Seg)  : 0
Total Pages Empty            : 1678
Total Pages Marked Corrupt   : 1
Total Pages Influx           : 0
Highest block SCN            : 1335254039994 (310.3814178234)
