
DBVERIFY: Release 9.2.0.8.0 - Production on Wed Feb 3 17:29:39 2010

Copyright (c) 1982, 2002, Oracle Corporation.  All rights reserved.


DBVERIFY - Verification starting : FILE = /mnt/oratest/oradata/docs_020210/contract15.dbf
Page 196642 is marked corrupt
***
Corrupt block relative dba: 0x06c30022 (file 27, block 196642)
Bad check value found during dbv: 
Data in bad block -
 type: 27 format: 2 rdba: 0x06c30022
 last change scn: 0x012e.595bcd95 seq: 0x2 flg: 0x04
 consistency value in tail: 0xcd951b02
 check value in block header: 0x1b80, computed block checksum: 0xd719
 spare1: 0x0, spare2: 0x0, spare3: 0x0
***

Page 496448 is marked corrupt
***
Corrupt block relative dba: 0x06c79340 (file 27, block 496448)
Bad check value found during dbv: 
Data in bad block -
 type: 27 format: 2 rdba: 0x06c79340
 last change scn: 0x012e.d67d08f7 seq: 0x2 flg: 0x04
 consistency value in tail: 0x08f71b02
 check value in block header: 0x19c2, computed block checksum: 0xc917
 spare1: 0x0, spare2: 0x0, spare3: 0x0
***


DBVERIFY - Verification complete

Total Pages Examined         : 524288
Total Pages Processed (Data) : 111677
Total Pages Failing   (Data) : 0
Total Pages Processed (Index): 19111
Total Pages Failing   (Index): 0
Total Pages Processed (Other): 393226
Total Pages Processed (Seg)  : 0
Total Pages Failing   (Seg)  : 0
Total Pages Empty            : 272
Total Pages Marked Corrupt   : 2
Total Pages Influx           : 0
Highest block SCN            : 1335254040212 (310.3814178452)
