
DBVERIFY: Release 9.2.0.8.0 - Production on Wed Feb 3 17:29:39 2010

Copyright (c) 1982, 2002, Oracle Corporation.  All rights reserved.


DBVERIFY - Verification starting : FILE = /mnt/oratest/oradata/docs_020210/contract18.dbf
Page 457393 is marked corrupt
***
Corrupt block relative dba: 0x07c6fab1 (file 31, block 457393)
Bad check value found during dbv: 
Data in bad block -
 type: 27 format: 2 rdba: 0x07c6fab1
 last change scn: 0x0131.ad9408cc seq: 0x2 flg: 0x04
 consistency value in tail: 0x08cc1b02
 check value in block header: 0x358, computed block checksum: 0xda57
 spare1: 0x0, spare2: 0x0, spare3: 0x0
***


DBVERIFY - Verification complete

Total Pages Examined         : 524288
Total Pages Processed (Data) : 66260
Total Pages Failing   (Data) : 0
Total Pages Processed (Index): 14149
Total Pages Failing   (Index): 0
Total Pages Processed (Other): 443401
Total Pages Processed (Seg)  : 0
Total Pages Failing   (Seg)  : 0
Total Pages Empty            : 477
Total Pages Marked Corrupt   : 1
Total Pages Influx           : 0
Highest block SCN            : 1335254040176 (310.3814178416)
