
DBVERIFY: Release 9.2.0.8.0 - Production on Wed Feb 3 17:29:39 2010

Copyright (c) 1982, 2002, Oracle Corporation.  All rights reserved.


DBVERIFY - Verification starting : FILE = /mnt/oratest/oradata/docs_020210/contract12.dbf
Page 206612 is marked corrupt
***
Corrupt block relative dba: 0x05832714 (file 22, block 206612)
Bad check value found during dbv: 
Data in bad block -
 type: 27 format: 2 rdba: 0x05832714
 last change scn: 0x012b.8e5d0768 seq: 0x2 flg: 0x04
 consistency value in tail: 0x07681b02
 check value in block header: 0x6ae0, computed block checksum: 0xb7fe
 spare1: 0x0, spare2: 0x0, spare3: 0x0
***


DBVERIFY - Verification complete

Total Pages Examined         : 524288
Total Pages Processed (Data) : 108592
Total Pages Failing   (Data) : 0
Total Pages Processed (Index): 17476
Total Pages Failing   (Index): 0
Total Pages Processed (Other): 398216
Total Pages Processed (Seg)  : 0
Total Pages Failing   (Seg)  : 0
Total Pages Empty            : 3
Total Pages Marked Corrupt   : 1
Total Pages Influx           : 0
Highest block SCN            : 1335254035385 (310.3814173625)
